#
# A fatal error has been detected by the Java Runtime Environment:
#
#  SIGSEGV (0xb) at pc=0x00007fff203b8af7, pid=5290, tid=0x0000000000000307
#
# JRE version: OpenJDK Runtime Environment (8.0_275-b01) (build 1.8.0_275-b01)
# Java VM: OpenJDK 64-Bit Server VM (25.275-b01 mixed mode bsd-amd64 compressed oops)
# Problematic frame:
# C  [CoreFoundation+0x20af7]  CFArrayGetCount+0x6
#
# Failed to write core dump. Core dumps have been disabled. To enable core dumping, try "ulimit -c unlimited" before starting Java again
#
# If you would like to submit a bug report, please visit:
#   http://bugreport.java.com/bugreport/crash.jsp
# The crash happened outside the Java Virtual Machine in native code.
# See problematic frame for where to report the bug.
#

---------------  T H R E A D  ---------------

Current thread (0x00007f7f93809000):  JavaThread "Render thread" [_thread_in_native, id=775, stack(0x00007ffeef383000,0x00007ffeefb83000)]

siginfo: si_signo: 11 (SIGSEGV), si_code: 1 (SEGV_MAPERR), si_addr: 0x0000000000000000

Registers:
RAX=0x0000000000000000, RBX=0x0000000000000000, RCX=0x00007fff8872c488, RDX=0x0000000000000000
RSP=0x00007ffeefb78cb8, RBP=0x00007ffeefb78d20, RSI=0x0000000000000001, RDI=0x0000000000000000
R8 =0x000000000002f245, R9 =0xffffffff00000000, R10=0x00007fff8872c480, R11=0x00000000ffffff00
R12=0x00007ffeefb78d34, R13=0x0000000103c26490, R14=0x00007f7f99205ffc, R15=0x00007f7f86c0c3c0
RIP=0x00007fff203b8af7, EFLAGS=0x0000000000010246, ERR=0x0000000000000004
  TRAPNO=0x000000000000000e

Top of Stack: (sp=0x00007ffeefb78cb8)
0x00007ffeefb78cb8:   0000000104075e46 00000007c00106e0
0x00007ffeefb78cc8:   00007ffeefb78f10 00007f7f96d88800
0x00007ffeefb78cd8:   000000010047908e 00007f7f93809000
0x00007ffeefb78ce8:   0000000100278c7c 0000000102512da8
0x00007ffeefb78cf8:   0000000000000000 0000000000000000
0x00007ffeefb78d08:   0000000103c26490 00007f7f99205ffc
0x00007ffeefb78d18:   00007f7f86c0c3c0 00007ffeefb78d50
0x00007ffeefb78d28:   0000000104071720 0000000003bd9f90
0x00007ffeefb78d38:   0000000103c26490 00007ffeefb78e20
0x00007ffeefb78d48:   00007f7f93809000 00007ffeefb78dd8
0x00007ffeefb78d58:   0000000108818407 00007ffeefb78de0
0x00007ffeefb78d68:   000000010047c3f7 00007ffeefb78d90
0x00007ffeefb78d78:   00000001005a6f56 00007ffeefb78dd0
0x00007ffeefb78d88:   00000001006afec8 00007ffeefb78dc0
0x00007ffeefb78d98:   00007ffeefb78d98 0000000000000000
0x00007ffeefb78da8:   00007ffeefb78e20 0000000103c53b08
0x00007ffeefb78db8:   0000000000000000 0000000103c26490
0x00007ffeefb78dc8:   0000000000000000 00007ffeefb78df8
0x00007ffeefb78dd8:   00007ffeefb78e68 0000000108807b10
0x00007ffeefb78de8:   00000006c0166dc0 0000000108811a57
0x00007ffeefb78df8:   00007f7f99205ffc 00007ffeefb78e68
0x00007ffeefb78e08:   00007f7f86c0c3c0 0000000108807b10
0x00007ffeefb78e18:   00000001040716d0 0000000000000001
0x00007ffeefb78e28:   00007ffeefb78e28 0000000103c0b634
0x00007ffeefb78e38:   00007ffeefb78ea0 0000000103c17a58
0x00007ffeefb78e48:   0000000000000000 0000000103c0b668
0x00007ffeefb78e58:   00007ffeefb78df8 00007ffeefb78e88
0x00007ffeefb78e68:   00007ffeefb78ee8 0000000108807b10
0x00007ffeefb78e78:   00000001040716d0 0000000000000000
0x00007ffeefb78e88:   00007f7f99205ffc 00000007823558c0
0x00007ffeefb78e98:   00007f7f86c0c3c0 00000007823558c0
0x00007ffeefb78ea8:   00007ffeefb78ea8 0000000103c0b71e 

Instructions: (pc=0x00007fff203b8af7)
0x00007fff203b8ad7:   d0 75 12 48 81 c4 38 10 00 00 5b 41 5c 41 5d 41
0x00007fff203b8ae7:   5e 41 5f 5d c3 e8 57 bd 19 00 40 f6 c7 01 75 2c
0x00007fff203b8af7:   48 8b 07 48 85 c0 74 1f 48 8b 0d e2 c2 fe 67 48
0x00007fff203b8b07:   39 c8 74 13 a8 01 74 14 48 8b 15 1a 5d c8 5f 48 

Register to memory mapping:

RAX=0x0000000000000000 is an unknown value
RBX=0x0000000000000000 is an unknown value
RCX=0x00007fff8872c488: gDisplayLock+0x20 in /System/Library/PrivateFrameworks/SkyLight.framework/Versions/A/SkyLight at 0x00007fff24b94000
RDX=0x0000000000000000 is an unknown value
RSP=0x00007ffeefb78cb8 is pointing into the stack for thread: 0x00007f7f93809000
RBP=0x00007ffeefb78d20 is pointing into the stack for thread: 0x00007f7f93809000
RSI=0x0000000000000001 is an unknown value
RDI=0x0000000000000000 is an unknown value
R8 =0x000000000002f245 is an unknown value
R9 =0xffffffff00000000 is an unknown value
R10=0x00007fff8872c480: gDisplayLock+0x18 in /System/Library/PrivateFrameworks/SkyLight.framework/Versions/A/SkyLight at 0x00007fff24b94000
R11=0x00000000ffffff00 is an unknown value
R12=0x00007ffeefb78d34 is pointing into the stack for thread: 0x00007f7f93809000
R13={method} {0x0000000103c26490} 'invokePPP' '(JJJ)J' in 'org/lwjgl/system/JNI'
R14=0x00007f7f99205ffc is an unknown value
R15=0x00007f7f86c0c3c0 is an unknown value


Stack: [0x00007ffeef383000,0x00007ffeefb83000],  sp=0x00007ffeefb78cb8,  free space=8151k
Native frames: (J=compiled Java code, j=interpreted, Vv=VM code, C=native code)
C  [CoreFoundation+0x20af7]  CFArrayGetCount+0x6
C  [libglfw.dylib+0x9720]
[error occurred during error reporting (printing native stack), id 0xe0000000]

Java frames: (J=compiled Java code, j=interpreted, Vv=VM code)
j  org.lwjgl.system.JNI.invokePPP(JJJ)J+0
j  org.lwjgl.glfw.GLFW.nglfwGetVideoModes(JJ)J+20
j  org.lwjgl.glfw.GLFW.glfwGetVideoModes(J)Lorg/lwjgl/glfw/GLFWVidMode$Buffer;+22
j  net.minecraft.client.Monitor.setup()V+21
j  net.minecraft.client.Monitor.<init>(J)V+17
j  net.minecraft.client.renderer.VirtualScreen$$Lambda$1987.createMonitor(J)Lnet/minecraft/client/Monitor;+5
j  net.minecraft.client.renderer.MonitorHandler.onMonitorUpdate(JI)V+24
j  net.minecraft.client.renderer.MonitorHandler$$Lambda$1989.invoke(JI)V+6
j  org.lwjgl.glfw.GLFWMonitorCallbackI.callback(J)V+9
v  ~StubRoutines::call_stub
J 9828  org.lwjgl.system.JNI.invokeV(J)V (0 bytes) @ 0x0000000109b5a381 [0x0000000109b5a340+0x41]
J 11379 C1 net.minecraft.client.Minecraft.runGameLoop(Z)V (937 bytes) @ 0x000000010a28f39c [0x000000010a286840+0x8b5c]
j  net.minecraft.client.Minecraft.run()V+41
j  net.minecraft.client.main.Main.main([Ljava/lang/String;)V+1310
v  ~StubRoutines::call_stub
j  sun.reflect.NativeMethodAccessorImpl.invoke0(Ljava/lang/reflect/Method;Ljava/lang/Object;[Ljava/lang/Object;)Ljava/lang/Object;+0
j  sun.reflect.NativeMethodAccessorImpl.invoke(Ljava/lang/Object;[Ljava/lang/Object;)Ljava/lang/Object;+100
j  sun.reflect.DelegatingMethodAccessorImpl.invoke(Ljava/lang/Object;[Ljava/lang/Object;)Ljava/lang/Object;+6
j  java.lang.reflect.Method.invoke(Ljava/lang/Object;[Ljava/lang/Object;)Ljava/lang/Object;+56
j  net.minecraftforge.userdev.FMLUserdevClientLaunchProvider.lambda$launchService$0(Lcpw/mods/modlauncher/api/ITransformingClassLoader;[Ljava/lang/String;)Ljava/lang/Void;+65
j  net.minecraftforge.userdev.FMLUserdevClientLaunchProvider$$Lambda$424.call()Ljava/lang/Object;+12
j  cpw.mods.modlauncher.LaunchServiceHandlerDecorator.launch([Ljava/lang/String;Lcpw/mods/modlauncher/api/ITransformingClassLoader;)V+11
j  cpw.mods.modlauncher.LaunchServiceHandler.launch(Ljava/lang/String;[Ljava/lang/String;Lcpw/mods/modlauncher/TransformingClassLoader;Lcpw/mods/modlauncher/LaunchPluginHandler;)V+57
j  cpw.mods.modlauncher.LaunchServiceHandler.launch(Lcpw/mods/modlauncher/ArgumentHandler;Lcpw/mods/modlauncher/TransformingClassLoader;Lcpw/mods/modlauncher/LaunchPluginHandler;)V+19
j  cpw.mods.modlauncher.Launcher.run([Ljava/lang/String;)V+116
j  cpw.mods.modlauncher.Launcher.main([Ljava/lang/String;)V+37
j  net.minecraftforge.userdev.LaunchTesting.main([Ljava/lang/String;)V+422
v  ~StubRoutines::call_stub

---------------  P R O C E S S  ---------------

Java Threads: ( => current thread )
  0x00007f7f9ca22000 JavaThread "Sound engine" daemon [_thread_blocked, id=64019, stack(0x000070000573e000,0x000070000583e000)]
  0x00007f7f9c835800 JavaThread "Netty Server IO #1" daemon [_thread_in_native, id=117507, stack(0x000070000563b000,0x000070000573b000)]
  0x00007f7f9ca6d000 JavaThread "Netty Local Client IO #0" daemon [_thread_blocked, id=100103, stack(0x0000700005435000,0x0000700005535000)]
  0x00007f7f9e044800 JavaThread "Netty Server IO #0" daemon [_thread_in_native, id=118023, stack(0x000070000522f000,0x000070000532f000)]
  0x00007f7f9e047800 JavaThread "ObjectCleanerThread" daemon [_thread_blocked, id=50971, stack(0x0000700003b6d000,0x0000700003c6d000)]
  0x00007f7fa10ce000 JavaThread "Java2D Disposer" daemon [_thread_blocked, id=13843, stack(0x0000700005538000,0x0000700005638000)]
  0x00007f7f9cb91800 JavaThread "poi IO worker" [_thread_blocked, id=118551, stack(0x0000700004c20000,0x0000700004d20000)]
  0x00007f7f930e0800 JavaThread "chunk IO worker" [_thread_blocked, id=60807, stack(0x0000700004b1d000,0x0000700004c1d000)]
  0x00007f7f9e5fd000 JavaThread "Thread-9" daemon [_thread_blocked, id=119567, stack(0x0000700005029000,0x0000700005129000)]
  0x00007f7f935fe800 JavaThread "Server thread" [_thread_in_vm, id=119843, stack(0x0000700004f26000,0x0000700005026000)]
  0x00007f7f935f9800 JavaThread "Snooper Timer" daemon [_thread_blocked, id=130055, stack(0x0000700004997000,0x0000700004a97000)]
  0x00007f7f9c829800 JavaThread "Timer hack thread" daemon [_thread_blocked, id=85259, stack(0x000070000468e000,0x000070000478e000)]
  0x00007f7f9d0a6000 JavaThread "pool-3-thread-1" [_thread_blocked, id=65795, stack(0x0000700003e76000,0x0000700003f76000)]
  0x00007f7f9b16a800 JavaThread "Snooper Timer" daemon [_thread_blocked, id=57611, stack(0x0000700003d73000,0x0000700003e73000)]
  0x00007f7f94484800 JavaThread "Thread-2" daemon [_thread_blocked, id=41731, stack(0x000070000385e000,0x000070000395e000)]
  0x00007f7f94485800 JavaThread "Thread-1" daemon [_thread_blocked, id=42243, stack(0x000070000375b000,0x000070000385b000)]
  0x00007f7f94037800 JavaThread "Service Thread" daemon [_thread_blocked, id=21763, stack(0x0000700003427000,0x0000700003527000)]
  0x00007f7f9482b800 JavaThread "C1 CompilerThread3" daemon [_thread_blocked, id=16131, stack(0x0000700003324000,0x0000700003424000)]
  0x00007f7f9400c800 JavaThread "C2 CompilerThread2" daemon [_thread_blocked, id=16643, stack(0x0000700003221000,0x0000700003321000)]
  0x00007f7f94822800 JavaThread "C2 CompilerThread1" daemon [_thread_blocked, id=15363, stack(0x000070000311e000,0x000070000321e000)]
  0x00007f7f9308c000 JavaThread "C2 CompilerThread0" daemon [_thread_in_vm, id=16899, stack(0x000070000301b000,0x000070000311b000)]
  0x00007f7f9308a000 JavaThread "Signal Dispatcher" daemon [_thread_blocked, id=17155, stack(0x0000700002f18000,0x0000700003018000)]
  0x00007f7f93061000 JavaThread "Finalizer" daemon [_thread_blocked, id=12803, stack(0x0000700002d0f000,0x0000700002e0f000)]
  0x00007f7f9305e000 JavaThread "Reference Handler" daemon [_thread_blocked, id=20227, stack(0x0000700002c0c000,0x0000700002d0c000)]
=>0x00007f7f93809000 JavaThread "Render thread" [_thread_in_native, id=775, stack(0x00007ffeef383000,0x00007ffeefb83000)]

Other Threads:
  0x00007f7f93059000 VMThread [stack: 0x0000700002b09000,0x0000700002c09000] [id=20483]
  0x00007f7f930c7800 WatcherThread [stack: 0x000070000352a000,0x000070000362a000] [id=43011]

VM state:not at safepoint (normal execution)

VM Mutex/Monitor currently owned by a thread:  ([mutex/lock_event])
[0x00007f7f92c0ff80] CodeCache_lock - owner thread: 0x00007f7f9308c000

heap address: 0x00000006c0000000, size: 4096 MB, Compressed Oops mode: Zero based, Oop shift amount: 3
Narrow klass base: 0x0000000000000000, Narrow klass shift: 3
Compressed class space size: 1073741824 Address: 0x00000007c0000000

Heap:
 PSYoungGen      total 1002496K, used 519973K [0x000000076ab00000, 0x00000007bf800000, 0x00000007c0000000)
  eden space 612352K, 79% used [0x000000076ab00000,0x00000007885e2568,0x0000000790100000)
  from space 390144K, 8% used [0x00000007a7880000,0x00000007a9967130,0x00000007bf580000)
  to   space 384512K, 0% used [0x0000000790100000,0x0000000790100000,0x00000007a7880000)
 ParOldGen       total 910336K, used 782744K [0x00000006c0000000, 0x00000006f7900000, 0x000000076ab00000)
  object space 910336K, 85% used [0x00000006c0000000,0x00000006efc662a8,0x00000006f7900000)
 Metaspace       used 86747K, capacity 96794K, committed 96944K, reserved 1132544K
  class space    used 12341K, capacity 14738K, committed 14768K, reserved 1048576K

Card table byte_map: [0x0000000100ed4000,0x00000001016d5000] byte_map_base: 0x00000000fd8d4000

Marking Bits: (ParMarkBitMap*) 0x00000001007b4c18
 Begin Bits: [0x0000000117800000, 0x000000011b800000)
 End Bits:   [0x000000011b800000, 0x000000011f800000)

Polling page: 0x0000000100abd000

CodeCache: size=245760Kb used=46151Kb max_used=46898Kb free=199608Kb
 bounds [0x0000000108800000, 0x000000010b6d0000, 0x0000000117800000]
 total_blobs=14852 nmethods=13202 adapters=1560
 compilation: enabled

Compilation events (10 events):
Event: 101.746 Thread 0x00007f7f94822800 18572       4       it.unimi.dsi.fastutil.longs.Long2ObjectOpenHashMap$MapIterator::<init> (48 bytes)
Event: 101.747 Thread 0x00007f7f94822800 nmethod 18572 0x0000000108e33fd0 code [0x0000000108e34120, 0x0000000108e341d8]
Event: 101.829 Thread 0x00007f7f9400c800 18573       4       net.minecraft.client.gui.NewChatGui::render (477 bytes)
Event: 101.856 Thread 0x00007f7f9400c800 nmethod 18573 0x000000010b4ec750 code [0x000000010b4ecb60, 0x000000010b4ee720]
Event: 102.329 Thread 0x00007f7f9482b800 18574       1       net.minecraftforge.client.event.GuiScreenEvent$BackgroundDrawnEvent::getListenerList (4 bytes)
Event: 102.330 Thread 0x00007f7f9482b800 nmethod 18574 0x000000010925a790 code [0x000000010925a8e0, 0x000000010925a9f0]
Event: 103.443 Thread 0x00007f7f9308c000 18575       4       net.minecraft.profiler.DebugProfiler::startTick (25 bytes)
Event: 103.445 Thread 0x00007f7f9308c000 nmethod 18575 0x0000000108e9e090 code [0x0000000108e9e200, 0x0000000108e9e2f8]
Event: 128.937 Thread 0x00007f7f94822800 18576       4       jdk.internal.org.objectweb.asm.ClassWriter::<init> (122 bytes)
Event: 128.952 Thread 0x00007f7f9308c000 18577       4       jdk.internal.org.objectweb.asm.ClassVisitor::<init> (35 bytes)

GC Heap History (10 events):
Event: 36.770 GC heap before
{Heap before GC invocations=48 (full 4):
 PSYoungGen      total 1110528K, used 1110517K [0x000000076ab00000, 0x00000007c0000000, 0x00000007c0000000)
  eden space 858624K, 100% used [0x000000076ab00000,0x000000079f180000,0x000000079f180000)
  from space 251904K, 99% used [0x000000079f180000,0x00000007ae77d418,0x00000007ae780000)
  to   space 287232K, 0% used [0x00000007ae780000,0x00000007ae780000,0x00000007c0000000)
 ParOldGen       total 910336K, used 698722K [0x00000006c0000000, 0x00000006f7900000, 0x000000076ab00000)
  object space 910336K, 76% used [0x00000006c0000000,0x00000006eaa58a90,0x00000006f7900000)
 Metaspace       used 75311K, capacity 83392K, committed 83632K, reserved 1120256K
  class space    used 10898K, capacity 12923K, committed 12976K, reserved 1048576K
Event: 37.073 GC heap after
Heap after GC invocations=48 (full 4):
 PSYoungGen      total 935424K, used 287213K [0x000000076ab00000, 0x00000007c0000000, 0x00000007c0000000)
  eden space 648192K, 0% used [0x000000076ab00000,0x000000076ab00000,0x0000000792400000)
  from space 287232K, 99% used [0x00000007ae780000,0x00000007bfffb580,0x00000007c0000000)
  to   space 374784K, 0% used [0x0000000792400000,0x0000000792400000,0x00000007a9200000)
 ParOldGen       total 910336K, used 736573K [0x00000006c0000000, 0x00000006f7900000, 0x000000076ab00000)
  object space 910336K, 80% used [0x00000006c0000000,0x00000006ecf4f680,0x00000006f7900000)
 Metaspace       used 75311K, capacity 83392K, committed 83632K, reserved 1120256K
  class space    used 10898K, capacity 12923K, committed 12976K, reserved 1048576K
}
Event: 39.691 GC heap before
{Heap before GC invocations=49 (full 4):
 PSYoungGen      total 935424K, used 935405K [0x000000076ab00000, 0x00000007c0000000, 0x00000007c0000000)
  eden space 648192K, 100% used [0x000000076ab00000,0x0000000792400000,0x0000000792400000)
  from space 287232K, 99% used [0x00000007ae780000,0x00000007bfffb580,0x00000007c0000000)
  to   space 374784K, 0% used [0x0000000792400000,0x0000000792400000,0x00000007a9200000)
 ParOldGen       total 910336K, used 736573K [0x00000006c0000000, 0x00000006f7900000, 0x000000076ab00000)
  object space 910336K, 80% used [0x00000006c0000000,0x00000006ecf4f680,0x00000006f7900000)
 Metaspace       used 82303K, capacity 91324K, committed 91568K, reserved 1126400K
  class space    used 11901K, capacity 14141K, committed 14256K, reserved 1048576K
Event: 39.957 GC heap after
Heap after GC invocations=49 (full 4):
 PSYoungGen      total 937984K, used 289630K [0x000000076ab00000, 0x00000007c0000000, 0x00000007c0000000)
  eden space 648192K, 0% used [0x000000076ab00000,0x000000076ab00000,0x0000000792400000)
  from space 289792K, 99% used [0x0000000792400000,0x00000007a3ed7af0,0x00000007a3f00000)
  to   space 403968K, 0% used [0x00000007a7580000,0x00000007a7580000,0x00000007c0000000)
 ParOldGen       total 910336K, used 744424K [0x00000006c0000000, 0x00000006f7900000, 0x000000076ab00000)
  object space 910336K, 81% used [0x00000006c0000000,0x00000006ed6fa2d0,0x00000006f7900000)
 Metaspace       used 82303K, capacity 91324K, committed 91568K, reserved 1126400K
  class space    used 11901K, capacity 14141K, committed 14256K, reserved 1048576K
}
Event: 47.332 GC heap before
{Heap before GC invocations=50 (full 4):
 PSYoungGen      total 937984K, used 937822K [0x000000076ab00000, 0x00000007c0000000, 0x00000007c0000000)
  eden space 648192K, 100% used [0x000000076ab00000,0x0000000792400000,0x0000000792400000)
  from space 289792K, 99% used [0x0000000792400000,0x00000007a3ed7af0,0x00000007a3f00000)
  to   space 403968K, 0% used [0x00000007a7580000,0x00000007a7580000,0x00000007c0000000)
 ParOldGen       total 910336K, used 744424K [0x00000006c0000000, 0x00000006f7900000, 0x000000076ab00000)
  object space 910336K, 81% used [0x00000006c0000000,0x00000006ed6fa2d0,0x00000006f7900000)
 Metaspace       used 85476K, capacity 95376K, committed 95664K, reserved 1130496K
  class space    used 12262K, capacity 14655K, committed 14768K, reserved 1048576K
Event: 47.456 GC heap after
Heap after GC invocations=50 (full 4):
 PSYoungGen      total 1010688K, used 121984K [0x000000076ab00000, 0x00000007c0000000, 0x00000007c0000000)
  eden space 606720K, 0% used [0x000000076ab00000,0x000000076ab00000,0x000000078fb80000)
  from space 403968K, 30% used [0x00000007a7580000,0x00000007aeca01e0,0x00000007c0000000)
  to   space 387072K, 0% used [0x000000078fb80000,0x000000078fb80000,0x00000007a7580000)
 ParOldGen       total 910336K, used 768976K [0x00000006c0000000, 0x00000006f7900000, 0x000000076ab00000)
  object space 910336K, 84% used [0x00000006c0000000,0x00000006eeef4370,0x00000006f7900000)
 Metaspace       used 85476K, capacity 95376K, committed 95664K, reserved 1130496K
  class space    used 12262K, capacity 14655K, committed 14768K, reserved 1048576K
}
Event: 65.794 GC heap before
{Heap before GC invocations=51 (full 4):
 PSYoungGen      total 1010688K, used 728704K [0x000000076ab00000, 0x00000007c0000000, 0x00000007c0000000)
  eden space 606720K, 100% used [0x000000076ab00000,0x000000078fb80000,0x000000078fb80000)
  from space 403968K, 30% used [0x00000007a7580000,0x00000007aeca01e0,0x00000007c0000000)
  to   space 387072K, 0% used [0x000000078fb80000,0x000000078fb80000,0x00000007a7580000)
 ParOldGen       total 910336K, used 768976K [0x00000006c0000000, 0x00000006f7900000, 0x000000076ab00000)
  object space 910336K, 84% used [0x00000006c0000000,0x00000006eeef4370,0x00000006f7900000)
 Metaspace       used 86269K, capacity 96228K, committed 96432K, reserved 1130496K
  class space    used 12292K, capacity 14675K, committed 14768K, reserved 1048576K
Event: 65.829 GC heap after
Heap after GC invocations=51 (full 4):
 PSYoungGen      total 993792K, used 10217K [0x000000076ab00000, 0x00000007bf580000, 0x00000007c0000000)
  eden space 606720K, 0% used [0x000000076ab00000,0x000000076ab00000,0x000000078fb80000)
  from space 387072K, 2% used [0x000000078fb80000,0x000000079057a6f8,0x00000007a7580000)
  to   space 390144K, 0% used [0x00000007a7880000,0x00000007a7880000,0x00000007bf580000)
 ParOldGen       total 910336K, used 781988K [0x00000006c0000000, 0x00000006f7900000, 0x000000076ab00000)
  object space 910336K, 85% used [0x00000006c0000000,0x00000006efba9128,0x00000006f7900000)
 Metaspace       used 86269K, capacity 96228K, committed 96432K, reserved 1130496K
  class space    used 12292K, capacity 14675K, committed 14768K, reserved 1048576K
}
Event: 81.593 GC heap before
{Heap before GC invocations=52 (full 4):
 PSYoungGen      total 993792K, used 616937K [0x000000076ab00000, 0x00000007bf580000, 0x00000007c0000000)
  eden space 606720K, 100% used [0x000000076ab00000,0x000000078fb80000,0x000000078fb80000)
  from space 387072K, 2% used [0x000000078fb80000,0x000000079057a6f8,0x00000007a7580000)
  to   space 390144K, 0% used [0x00000007a7880000,0x00000007a7880000,0x00000007bf580000)
 ParOldGen       total 910336K, used 781988K [0x00000006c0000000, 0x00000006f7900000, 0x000000076ab00000)
  object space 910336K, 85% used [0x00000006c0000000,0x00000006efba9128,0x00000006f7900000)
 Metaspace       used 86728K, capacity 96790K, committed 96944K, reserved 1132544K
  class space    used 12340K, capacity 14736K, committed 14768K, reserved 1048576K
Event: 81.634 GC heap after
Heap after GC invocations=52 (full 4):
 PSYoungGen      total 1002496K, used 33692K [0x000000076ab00000, 0x00000007bf800000, 0x00000007c0000000)
  eden space 612352K, 0% used [0x000000076ab00000,0x000000076ab00000,0x0000000790100000)
  from space 390144K, 8% used [0x00000007a7880000,0x00000007a9967130,0x00000007bf580000)
  to   space 384512K, 0% used [0x0000000790100000,0x0000000790100000,0x00000007a7880000)
 ParOldGen       total 910336K, used 782744K [0x00000006c0000000, 0x00000006f7900000, 0x000000076ab00000)
  object space 910336K, 85% used [0x00000006c0000000,0x00000006efc662a8,0x00000006f7900000)
 Metaspace       used 86728K, capacity 96790K, committed 96944K, reserved 1132544K
  class space    used 12340K, capacity 14736K, committed 14768K, reserved 1048576K
}

Deoptimization events (10 events):
Event: 72.642 Thread 0x00007f7f93809000 Uncommon trap: reason=unstable_if action=reinterpret pc=0x000000010a256b44 method=net.minecraft.client.renderer.BufferBuilder.growBuffer(I)V @ 13
Event: 72.741 Thread 0x00007f7f93809000 Uncommon trap: reason=class_check action=maybe_recompile pc=0x000000010b60cb18 method=net.minecraft.client.renderer.color.ItemColors.getColor(Lnet/minecraft/item/ItemStack;I)I @ 16
Event: 72.761 Thread 0x00007f7f93809000 Uncommon trap: reason=class_check action=maybe_recompile pc=0x000000010b60cb18 method=net.minecraft.client.renderer.color.ItemColors.getColor(Lnet/minecraft/item/ItemStack;I)I @ 16
Event: 72.779 Thread 0x00007f7f93809000 Uncommon trap: reason=class_check action=maybe_recompile pc=0x000000010b60cb18 method=net.minecraft.client.renderer.color.ItemColors.getColor(Lnet/minecraft/item/ItemStack;I)I @ 16
Event: 72.796 Thread 0x00007f7f93809000 Uncommon trap: reason=class_check action=maybe_recompile pc=0x000000010b60cb18 method=net.minecraft.client.renderer.color.ItemColors.getColor(Lnet/minecraft/item/ItemStack;I)I @ 16
Event: 81.655 Thread 0x00007f7f935fe800 Uncommon trap: reason=unstable_if action=reinterpret pc=0x000000010a2eae70 method=net.mcreator.findblocks.procedures.FindblocksProcedure.executeProcedure(Ljava/util/HashMap;)V @ 182
Event: 127.742 Thread 0x00007f7f935fe800 Uncommon trap: reason=unstable_if action=reinterpret pc=0x0000000109ce6f34 method=org.apache.logging.log4j.Level.isMoreSpecificThan(Lorg/apache/logging/log4j/Level;)Z @ 8
Event: 128.942 Thread 0x00007f7f93809000 Uncommon trap: reason=unstable_if action=reinterpret pc=0x00000001092e2148 method=org.apache.logging.log4j.Level.isMoreSpecificThan(Lorg/apache/logging/log4j/Level;)Z @ 8
Event: 128.944 Thread 0x00007f7f93809000 Uncommon trap: reason=unstable_if action=reinterpret pc=0x0000000109cb73b0 method=org.apache.logging.log4j.Level.isMoreSpecificThan(Lorg/apache/logging/log4j/Level;)Z @ 8
Event: 128.946 Thread 0x00007f7f93809000 Uncommon trap: reason=unstable_if action=reinterpret pc=0x0000000109210a88 method=org.apache.logging.log4j.Level.isMoreSpecificThan(Lorg/apache/logging/log4j/Level;)Z @ 8

Classes redefined (0 events):
No events

Internal exceptions (10 events):
Event: 72.589 Thread 0x00007f7f93809000 Exception <a 'sun/nio/fs/UnixException'> (0x000000077efee208) thrown at [/ws/workspace/jdk-8u275/label/macosx-x86_64/type/b8/build/hotspot/src/share/vm/prims/jni.cpp, line 711]
Event: 72.589 Thread 0x00007f7f93809000 Exception <a 'sun/nio/fs/UnixException'> (0x000000077efeeca8) thrown at [/ws/workspace/jdk-8u275/label/macosx-x86_64/type/b8/build/hotspot/src/share/vm/prims/jni.cpp, line 711]
Event: 72.634 Thread 0x00007f7f93809000 Exception <a 'sun/nio/fs/UnixException'> (0x000000077fc98f60) thrown at [/ws/workspace/jdk-8u275/label/macosx-x86_64/type/b8/build/hotspot/src/share/vm/prims/jni.cpp, line 711]
Event: 72.634 Thread 0x00007f7f93809000 Exception <a 'sun/nio/fs/UnixException'> (0x000000077fc99ab0) thrown at [/ws/workspace/jdk-8u275/label/macosx-x86_64/type/b8/build/hotspot/src/share/vm/prims/jni.cpp, line 711]
Event: 72.634 Thread 0x00007f7f93809000 Exception <a 'sun/nio/fs/UnixException'> (0x000000077fc9a4e0) thrown at [/ws/workspace/jdk-8u275/label/macosx-x86_64/type/b8/build/hotspot/src/share/vm/prims/jni.cpp, line 711]
Event: 72.644 Thread 0x00007f7f93809000 Exception <a 'sun/nio/fs/UnixException'> (0x000000077ff8e5f8) thrown at [/ws/workspace/jdk-8u275/label/macosx-x86_64/type/b8/build/hotspot/src/share/vm/prims/jni.cpp, line 711]
Event: 72.644 Thread 0x00007f7f93809000 Exception <a 'sun/nio/fs/UnixException'> (0x000000077ff8f1a0) thrown at [/ws/workspace/jdk-8u275/label/macosx-x86_64/type/b8/build/hotspot/src/share/vm/prims/jni.cpp, line 711]
Event: 72.644 Thread 0x00007f7f93809000 Exception <a 'sun/nio/fs/UnixException'> (0x000000077ff8fc50) thrown at [/ws/workspace/jdk-8u275/label/macosx-x86_64/type/b8/build/hotspot/src/share/vm/prims/jni.cpp, line 711]
Event: 83.553 Thread 0x00007f7f930e0800 Exception <a 'sun/nio/fs/UnixException'> (0x0000000771d71048) thrown at [/ws/workspace/jdk-8u275/label/macosx-x86_64/type/b8/build/hotspot/src/share/vm/prims/jni.cpp, line 711]
Event: 83.554 Thread 0x00007f7f930e0800 Exception <a 'sun/nio/fs/UnixException'> (0x0000000771d75e78) thrown at [/ws/workspace/jdk-8u275/label/macosx-x86_64/type/b8/build/hotspot/src/share/vm/prims/jni.cpp, line 711]

Events (10 events):
Event: 127.752 Thread 0x00007f7f935fe800 DEOPT UNPACKING pc=0x000000010884547a sp=0x0000700005025540 mode 2
Event: 128.942 Thread 0x00007f7f93809000 Uncommon trap: trap_request=0xffffff65 fr.pc=0x00000001092e2148
Event: 128.942 Thread 0x00007f7f93809000 DEOPT PACKING pc=0x00000001092e2148 sp=0x00007ffeefb788b0
Event: 128.942 Thread 0x00007f7f93809000 DEOPT UNPACKING pc=0x000000010884547a sp=0x00007ffeefb78810 mode 2
Event: 128.944 Thread 0x00007f7f93809000 Uncommon trap: trap_request=0xffffff65 fr.pc=0x0000000109cb73b0
Event: 128.944 Thread 0x00007f7f93809000 DEOPT PACKING pc=0x0000000109cb73b0 sp=0x00007ffeefb78960
Event: 128.944 Thread 0x00007f7f93809000 DEOPT UNPACKING pc=0x000000010884547a sp=0x00007ffeefb78778 mode 2
Event: 128.946 Thread 0x00007f7f93809000 Uncommon trap: trap_request=0xffffff65 fr.pc=0x0000000109210a88
Event: 128.946 Thread 0x00007f7f93809000 DEOPT PACKING pc=0x0000000109210a88 sp=0x00007ffeefb78800
Event: 128.946 Thread 0x00007f7f93809000 DEOPT UNPACKING pc=0x000000010884547a sp=0x00007ffeefb78700 mode 2


Dynamic libraries:
0x00007fff34f93000 	/System/Library/Frameworks/Cocoa.framework/Versions/A/Cocoa
0x00007fff221d0000 	/System/Library/Frameworks/Security.framework/Versions/A/Security
0x00007fff33192000 	/System/Library/Frameworks/ApplicationServices.framework/Versions/A/ApplicationServices
0x00007fff2a455000 	/usr/lib/libz.1.dylib
0x00007fff2a51d000 	/usr/lib/libSystem.B.dylib
0x00007fff20398000 	/System/Library/Frameworks/CoreFoundation.framework/Versions/A/CoreFoundation
0x00007fff21145000 	/System/Library/Frameworks/Foundation.framework/Versions/C/Foundation
0x00007fff201b8000 	/usr/lib/libobjc.A.dylib
0x00007fff22bf6000 	/System/Library/Frameworks/AppKit.framework/Versions/C/AppKit
0x00007fff25a8c000 	/System/Library/Frameworks/CoreData.framework/Versions/A/CoreData
0x00007fff23959000 	/System/Library/PrivateFrameworks/UIFoundation.framework/Versions/A/UIFoundation
0x00007fff2fb76000 	/System/Library/PrivateFrameworks/RemoteViewServices.framework/Versions/A/RemoteViewServices
0x00007fff2897f000 	/System/Library/PrivateFrameworks/XCTTargetBootstrap.framework/Versions/A/XCTTargetBootstrap
0x00007fff2b65c000 	/usr/lib/libspindump.dylib
0x00007fff23bad000 	/System/Library/Frameworks/UniformTypeIdentifiers.framework/Versions/A/UniformTypeIdentifiers
0x00007fff27156000 	/usr/lib/libapp_launch_measurement.dylib
0x00007fff27159000 	/System/Library/PrivateFrameworks/CoreAutoLayout.framework/Versions/A/CoreAutoLayout
0x00007fff282e1000 	/System/Library/Frameworks/Metal.framework/Versions/A/Metal
0x00007fff28fd0000 	/usr/lib/liblangid.dylib
0x00007fff28983000 	/System/Library/PrivateFrameworks/CoreSVG.framework/Versions/A/CoreSVG
0x00007fff24b94000 	/System/Library/PrivateFrameworks/SkyLight.framework/Versions/A/SkyLight
0x00007fff24efa000 	/System/Library/Frameworks/CoreGraphics.framework/Versions/A/CoreGraphics
0x00007fff301cd000 	/System/Library/Frameworks/Accelerate.framework/Versions/A/Accelerate
0x00007fff2b097000 	/System/Library/PrivateFrameworks/IconServices.framework/Versions/A/IconServices
0x00007fff282c6000 	/System/Library/Frameworks/IOSurface.framework/Versions/A/IOSurface
0x00007fff26415000 	/usr/lib/libDiagnosticMessagesClient.dylib
0x00007fff2896b000 	/System/Library/PrivateFrameworks/DFRFoundation.framework/Versions/A/DFRFoundation
0x00007fff22522000 	/usr/lib/libicucore.A.dylib
0x00007fff2cb9e000 	/System/Library/Frameworks/AudioToolbox.framework/Versions/A/AudioToolbox
0x00007fff2be44000 	/System/Library/PrivateFrameworks/DataDetectorsCore.framework/Versions/A/DataDetectorsCore
0x00007fff2866b000 	/System/Library/Frameworks/Carbon.framework/Versions/A/Frameworks/HIToolbox.framework/Versions/A/HIToolbox
0x00007fff26bae000 	/System/Library/Frameworks/QuartzCore.framework/Versions/A/QuartzCore
0x00007fff2fbb2000 	/System/Library/Frameworks/Carbon.framework/Versions/A/Frameworks/SpeechRecognition.framework/Versions/A/SpeechRecognition
0x00007fff26ebe000 	/System/Library/PrivateFrameworks/CoreUI.framework/Versions/A/CoreUI
0x00007fff21b2c000 	/System/Library/Frameworks/CoreAudio.framework/Versions/A/CoreAudio
0x00007fff26500000 	/System/Library/Frameworks/DiskArbitration.framework/Versions/A/DiskArbitration
0x00007fff2ba57000 	/System/Library/PrivateFrameworks/MultitouchSupport.framework/Versions/A/MultitouchSupport
0x00007fff2be3b000 	/System/Library/PrivateFrameworks/InternationalSupport.framework/Versions/A/InternationalSupport
0x00007fff24b08000 	/usr/lib/libenergytrace.dylib
0x00007fff22af0000 	/System/Library/Frameworks/IOKit.framework/Versions/A/IOKit
0x00007fff2feff000 	/System/Library/Frameworks/CoreServices.framework/Versions/A/CoreServices
0x00007fff270ec000 	/System/Library/PrivateFrameworks/PerformanceAnalysis.framework/Versions/A/PerformanceAnalysis
0x00007fff6c7fc000 	/System/Library/Frameworks/OpenGL.framework/Versions/A/OpenGL
0x00007fff2bec0000 	/System/Library/PrivateFrameworks/UserActivity.framework/Versions/A/UserActivity
0x00007fff2558e000 	/System/Library/Frameworks/ColorSync.framework/Versions/A/ColorSync
0x00007fff28be7000 	/System/Library/Frameworks/CoreImage.framework/Versions/A/CoreImage
0x00007fff21943000 	/System/Library/Frameworks/CoreText.framework/Versions/A/CoreText
0x00007fff289ad000 	/System/Library/Frameworks/ImageIO.framework/Versions/A/ImageIO
0x00007fff2a523000 	/System/Library/PrivateFrameworks/SoftLinking.framework/Versions/A/SoftLinking
0x00007fff271a2000 	/usr/lib/libxml2.2.dylib
0x00007fff2027d000 	/usr/lib/libc++.1.dylib
0x00007fff2a795000 	/usr/lib/libcompression.dylib
0x00007fff24b09000 	/usr/lib/libMobileGestalt.dylib
0x00007fff2bd6e000 	/System/Library/PrivateFrameworks/TextureIO.framework/Versions/A/TextureIO
0x00007fff2adba000 	/usr/lib/libate.dylib
0x00007fff2a517000 	/usr/lib/system/libcache.dylib
0x00007fff2a4d3000 	/usr/lib/system/libcommonCrypto.dylib
0x00007fff2a4fd000 	/usr/lib/system/libcompiler_rt.dylib
0x00007fff2a4f2000 	/usr/lib/system/libcopyfile.dylib
0x00007fff200a7000 	/usr/lib/system/libcorecrypto.dylib
0x00007fff20173000 	/usr/lib/system/libdispatch.dylib
0x00007fff20327000 	/usr/lib/system/libdyld.dylib
0x00007fff2a50e000 	/usr/lib/system/libkeymgr.dylib
0x00007fff2d950000 	/usr/lib/system/liblaunch.dylib
0x00007fff2a4b1000 	/usr/lib/system/libmacho.dylib
0x00007fff29ccc000 	/usr/lib/system/libquarantine.dylib
0x00007fff2a50b000 	/usr/lib/system/libremovefile.dylib
0x00007fff24b65000 	/usr/lib/system/libsystem_asl.dylib
0x00007fff20057000 	/usr/lib/system/libsystem_blocks.dylib
0x00007fff201f4000 	/usr/lib/system/libsystem_c.dylib
0x00007fff2a505000 	/usr/lib/system/libsystem_collections.dylib
0x00007fff28fc1000 	/usr/lib/system/libsystem_configuration.dylib
0x00007fff282b5000 	/usr/lib/system/libsystem_containermanager.dylib
0x00007fff2a24d000 	/usr/lib/system/libsystem_coreservices.dylib
0x00007fff22784000 	/usr/lib/system/libsystem_darwin.dylib
0x00007fff2a50f000 	/usr/lib/system/libsystem_dnssd.dylib
0x00007fff201f1000 	/usr/lib/system/libsystem_featureflags.dylib
0x00007fff2036c000 	/usr/lib/system/libsystem_info.dylib
0x00007fff2a468000 	/usr/lib/system/libsystem_m.dylib
0x00007fff20146000 	/usr/lib/system/libsystem_malloc.dylib
0x00007fff24af9000 	/usr/lib/system/libsystem_networkextension.dylib
0x00007fff22b9e000 	/usr/lib/system/libsystem_notify.dylib
0x00007fff2fdfd000 	/usr/lib/system/libsystem_product_info_filter.dylib
0x00007fff28fc5000 	/usr/lib/system/libsystem_sandbox.dylib
0x00007fff2a508000 	/usr/lib/system/libsystem_secinit.dylib
0x00007fff202ec000 	/usr/lib/system/libsystem_kernel.dylib
0x00007fff20362000 	/usr/lib/system/libsystem_platform.dylib
0x00007fff2031b000 	/usr/lib/system/libsystem_pthread.dylib
0x00007fff26263000 	/usr/lib/system/libsystem_symptoms.dylib
0x00007fff2008f000 	/usr/lib/system/libsystem_trace.dylib
0x00007fff2a4df000 	/usr/lib/system/libunwind.dylib
0x00007fff20059000 	/usr/lib/system/libxpc.dylib
0x00007fff202d3000 	/usr/lib/libc++abi.dylib
0x00007fff2a4ea000 	/usr/lib/liboah.dylib
0x00007fff2aba0000 	/usr/lib/liblzma.5.dylib
0x00007fff20e59000 	/System/Library/Frameworks/SystemConfiguration.framework/Versions/A/SystemConfiguration
0x00007fff2a51f000 	/usr/lib/libfakelink.dylib
0x00007fff2465b000 	/System/Library/Frameworks/CFNetwork.framework/Versions/A/CFNetwork
0x00007fff2a65f000 	/usr/lib/libarchive.2.dylib
0x00007fff20ed7000 	/usr/lib/libCRFSuite.dylib
0x00007fff29cf3000 	/usr/lib/libbsm.0.dylib
0x00007fff24017000 	/usr/lib/libnetwork.dylib
0x00007fff2a524000 	/usr/lib/libpcap.A.dylib
0x00007fff2625c000 	/usr/lib/libdns_services.dylib
0x00007fff2abb9000 	/usr/lib/libcoretls_cfhelpers.dylib
0x00007fff2a763000 	/usr/lib/libapple_nghttp2.dylib
0x00007fff2a4b7000 	/usr/lib/system/libkxld.dylib
0x00007fff25ec2000 	/usr/lib/libsqlite3.dylib
0x00007fff2a22f000 	/System/Library/PrivateFrameworks/AppleFSCompression.framework/Versions/A/AppleFSCompression
0x00007fff29cdb000 	/usr/lib/libcoretls.dylib
0x00007fff2a790000 	/usr/lib/libpam.2.dylib
0x00007fff2acb5000 	/usr/lib/libxar.1.dylib
0x00007fff28fcc000 	/System/Library/PrivateFrameworks/AppleSystemInfo.framework/Versions/A/AppleSystemInfo
0x00007fff2991e000 	/System/Library/PrivateFrameworks/IOMobileFramebuffer.framework/Versions/A/IOMobileFramebuffer
0x00007fff2a23f000 	/usr/lib/libbz2.1.0.dylib
0x00007fff2a55c000 	/usr/lib/libiconv.2.dylib
0x00007fff2a4b0000 	/usr/lib/libcharset.1.dylib
0x00007fff27128000 	/System/Library/Frameworks/CoreServices.framework/Versions/A/Frameworks/FSEvents.framework/Versions/A/FSEvents
0x00007fff2278e000 	/System/Library/Frameworks/CoreServices.framework/Versions/A/Frameworks/CarbonCore.framework/Versions/A/CarbonCore
0x00007fff26465000 	/System/Library/Frameworks/CoreServices.framework/Versions/A/Frameworks/Metadata.framework/Versions/A/Metadata
0x00007fff2a252000 	/System/Library/Frameworks/CoreServices.framework/Versions/A/Frameworks/OSServices.framework/Versions/A/OSServices
0x00007fff2a6d1000 	/System/Library/Frameworks/CoreServices.framework/Versions/A/Frameworks/SearchKit.framework/Versions/A/SearchKit
0x00007fff261e6000 	/System/Library/Frameworks/CoreServices.framework/Versions/A/Frameworks/AE.framework/Versions/A/AE
0x00007fff20834000 	/System/Library/Frameworks/CoreServices.framework/Versions/A/Frameworks/LaunchServices.framework/Versions/A/LaunchServices
0x00007fff2ab51000 	/System/Library/Frameworks/CoreServices.framework/Versions/A/Frameworks/DictionaryServices.framework/Versions/A/DictionaryServices
0x00007fff27131000 	/System/Library/Frameworks/CoreServices.framework/Versions/A/Frameworks/SharedFileList.framework/Versions/A/SharedFileList
0x00007fff29ccf000 	/usr/lib/libCheckFix.dylib
0x00007fff24b7c000 	/System/Library/PrivateFrameworks/TCC.framework/Versions/A/TCC
0x00007fff28fd2000 	/System/Library/PrivateFrameworks/CoreNLP.framework/Versions/A/CoreNLP
0x00007fff26418000 	/System/Library/PrivateFrameworks/MetadataUtilities.framework/Versions/A/MetadataUtilities
0x00007fff20f0d000 	/usr/lib/libmecabra.dylib
0x00007fff29fe2000 	/System/Library/Frameworks/MLCompute.framework/Versions/A/MLCompute
0x00007fff29d04000 	/usr/lib/libmecab.dylib
0x00007fff29d4e000 	/usr/lib/libgermantok.dylib
0x00007fff2a739000 	/usr/lib/libThaiTokenizer.dylib
0x00007fff2acf0000 	/usr/lib/libChineseTokenizer.dylib
0x00007fff2a78e000 	/System/Library/Frameworks/MetalPerformanceShaders.framework/Versions/A/MetalPerformanceShaders
0x00007fff26507000 	/System/Library/Frameworks/Accelerate.framework/Versions/A/Frameworks/vImage.framework/Versions/A/vImage
0x00007fff2fed8000 	/System/Library/Frameworks/Accelerate.framework/Versions/A/Frameworks/vecLib.framework/Versions/A/vecLib
0x00007fff2acfb000 	/System/Library/Frameworks/Accelerate.framework/Versions/A/Frameworks/vecLib.framework/Versions/A/libvMisc.dylib
0x00007fff29737000 	/System/Library/Frameworks/Accelerate.framework/Versions/A/Frameworks/vecLib.framework/Versions/A/libvDSP.dylib
0x00007fff20b38000 	/System/Library/Frameworks/Accelerate.framework/Versions/A/Frameworks/vecLib.framework/Versions/A/libBLAS.dylib
0x00007fff2a7b4000 	/System/Library/Frameworks/Accelerate.framework/Versions/A/Frameworks/vecLib.framework/Versions/A/libLAPACK.dylib
0x00007fff29d54000 	/System/Library/Frameworks/Accelerate.framework/Versions/A/Frameworks/vecLib.framework/Versions/A/libLinearAlgebra.dylib
0x00007fff2a77b000 	/System/Library/Frameworks/Accelerate.framework/Versions/A/Frameworks/vecLib.framework/Versions/A/libSparseBLAS.dylib
0x00007fff2a7ae000 	/System/Library/Frameworks/Accelerate.framework/Versions/A/Frameworks/vecLib.framework/Versions/A/libQuadrature.dylib
0x00007fff2907a000 	/System/Library/Frameworks/Accelerate.framework/Versions/A/Frameworks/vecLib.framework/Versions/A/libBNNS.dylib
0x00007fff20dea000 	/System/Library/Frameworks/Accelerate.framework/Versions/A/Frameworks/vecLib.framework/Versions/A/libSparse.dylib
0x00007fff28f65000 	/System/Library/Frameworks/MetalPerformanceShaders.framework/Versions/A/Frameworks/MPSCore.framework/Versions/A/MPSCore
0x00007fff2a19e000 	/System/Library/Frameworks/MetalPerformanceShaders.framework/Versions/A/Frameworks/MPSImage.framework/Versions/A/MPSImage
0x00007fff29d6a000 	/System/Library/Frameworks/MetalPerformanceShaders.framework/Versions/A/Frameworks/MPSNeuralNetwork.framework/Versions/A/MPSNeuralNetwork
0x00007fff2a129000 	/System/Library/Frameworks/MetalPerformanceShaders.framework/Versions/A/Frameworks/MPSMatrix.framework/Versions/A/MPSMatrix
0x00007fff29f92000 	/System/Library/Frameworks/MetalPerformanceShaders.framework/Versions/A/Frameworks/MPSRayIntersector.framework/Versions/A/MPSRayIntersector
0x00007fff2a160000 	/System/Library/Frameworks/MetalPerformanceShaders.framework/Versions/A/Frameworks/MPSNDArray.framework/Versions/A/MPSNDArray
0x00007fff20a64000 	/System/Library/PrivateFrameworks/MetalTools.framework/Versions/A/MetalTools
0x00007fff28fca000 	/System/Library/PrivateFrameworks/AggregateDictionary.framework/Versions/A/AggregateDictionary
0x00007fff263f0000 	/System/Library/PrivateFrameworks/CoreAnalytics.framework/Versions/A/CoreAnalytics
0x00007fff2a73b000 	/System/Library/PrivateFrameworks/AppleSauce.framework/Versions/A/AppleSauce
0x00007fff282d8000 	/System/Library/PrivateFrameworks/IOAccelerator.framework/Versions/A/IOAccelerator
0x00007fff6c7f0000 	/System/Library/Frameworks/OpenGL.framework/Versions/A/Libraries/libCoreFSCache.dylib
0x00007fff214a9000 	/System/Library/PrivateFrameworks/LanguageModeling.framework/Versions/A/LanguageModeling
0x00007fff2990b000 	/System/Library/PrivateFrameworks/CoreEmoji.framework/Versions/A/CoreEmoji
0x00007fff29073000 	/System/Library/PrivateFrameworks/LinguisticData.framework/Versions/A/LinguisticData
0x00007fff20d9c000 	/System/Library/PrivateFrameworks/Lexicon.framework/Versions/A/Lexicon
0x00007fff2a64d000 	/usr/lib/libcmph.dylib
0x00007fff27108000 	/System/Library/Frameworks/OpenDirectory.framework/Versions/A/Frameworks/CFOpenDirectory.framework/Versions/A/CFOpenDirectory
0x00007fff270f8000 	/System/Library/Frameworks/OpenDirectory.framework/Versions/A/OpenDirectory
0x00007fff2abbb000 	/System/Library/PrivateFrameworks/APFS.framework/Versions/A/APFS
0x00007fff29c30000 	/System/Library/Frameworks/SecurityFoundation.framework/Versions/A/SecurityFoundation
0x00007fff2acc3000 	/usr/lib/libutil.dylib
0x00007fff22ab5000 	/System/Library/PrivateFrameworks/CoreServicesStore.framework/Versions/A/CoreServicesStore
0x00007fff29cc7000 	/System/Library/Frameworks/ServiceManagement.framework/Versions/A/ServiceManagement
0x00007fff2acc7000 	/usr/lib/libxslt.1.dylib
0x00007fff29cbd000 	/System/Library/PrivateFrameworks/BackgroundTaskManagement.framework/Versions/A/BackgroundTaskManagement
0x00007fff2bcb8000 	/System/Library/Frameworks/ImageIO.framework/Versions/A/Resources/libRadiance.dylib
0x00007fff2bcc2000 	/System/Library/Frameworks/ImageIO.framework/Versions/A/Resources/libJPEG.dylib
0x00007fff2bc11000 	/System/Library/Frameworks/ImageIO.framework/Versions/A/Resources/libPng.dylib
0x00007fff2bc38000 	/System/Library/Frameworks/ImageIO.framework/Versions/A/Resources/libTIFF.dylib
0x00007fff2bd17000 	/System/Library/Frameworks/ImageIO.framework/Versions/A/Resources/libGIF.dylib
0x00007fff2b974000 	/System/Library/Frameworks/ImageIO.framework/Versions/A/Resources/libJP2.dylib
0x00007fff2b05e000 	/usr/lib/libexpat.1.dylib
0x00007fff2b929000 	/System/Library/PrivateFrameworks/AppleJPEG.framework/Versions/A/AppleJPEG
0x00007fff2850e000 	/System/Library/PrivateFrameworks/FontServices.framework/libFontParser.dylib
0x00007fff2619a000 	/System/Library/PrivateFrameworks/RunningBoardServices.framework/Versions/A/RunningBoardServices
0x00007fff2ba53000 	/System/Library/PrivateFrameworks/WatchdogClient.framework/Versions/A/WatchdogClient
0x00007fff21596000 	/System/Library/Frameworks/CoreDisplay.framework/Versions/A/CoreDisplay
0x00007fff28424000 	/System/Library/Frameworks/CoreMedia.framework/Versions/A/CoreMedia
0x00007fff27285000 	/System/Library/Frameworks/CoreVideo.framework/Versions/A/CoreVideo
0x00007fff2ba8b000 	/System/Library/Frameworks/VideoToolbox.framework/Versions/A/VideoToolbox
0x00007fff26118000 	/System/Library/PrivateFrameworks/BaseBoard.framework/Versions/A/BaseBoard
0x00007fff2b1a3000 	/System/Library/PrivateFrameworks/PersistentConnection.framework/Versions/A/PersistentConnection
0x00007fff25eab000 	/System/Library/PrivateFrameworks/ProtocolBuffer.framework/Versions/A/ProtocolBuffer
0x00007fff260ff000 	/System/Library/PrivateFrameworks/CommonUtilities.framework/Versions/A/CommonUtilities
0x00007fff2b8be000 	/System/Library/PrivateFrameworks/Bom.framework/Versions/A/Bom
0x00007fff2bcb1000 	/System/Library/PrivateFrameworks/GPUWrangler.framework/Versions/A/GPUWrangler
0x00007fff2bc96000 	/System/Library/PrivateFrameworks/IOPresentment.framework/Versions/A/IOPresentment
0x00007fff2bcbc000 	/System/Library/PrivateFrameworks/DSExternalDisplay.framework/Versions/A/DSExternalDisplay
0x00007fff2bd1c000 	/System/Library/PrivateFrameworks/CMCaptureCore.framework/Versions/A/CMCaptureCore
0x00007fff2b643000 	/System/Library/PrivateFrameworks/AppServerSupport.framework/Versions/A/AppServerSupport
0x00007fff2d6ef000 	/System/Library/PrivateFrameworks/perfdata.framework/Versions/A/perfdata
0x00007fff29c1f000 	/System/Library/PrivateFrameworks/AssertionServices.framework/Versions/A/AssertionServices
0x00007fff216cd000 	/System/Library/PrivateFrameworks/AudioToolboxCore.framework/Versions/A/AudioToolboxCore
0x00007fff28407000 	/System/Library/PrivateFrameworks/caulk.framework/Versions/A/caulk
0x00007fff3d37c000 	/System/Library/PrivateFrameworks/SystemPolicy.framework/Versions/A/SystemPolicy
0x00007fff2ae53000 	/usr/lib/libIOReport.dylib
0x00007fff2cf11000 	/usr/lib/libSMC.dylib
0x00007fff2bbde000 	/usr/lib/libAudioToolboxUtility.dylib
0x00007fff3dce6000 	/usr/lib/libmis.dylib
0x00007fff6c84c000 	/System/Library/Frameworks/OpenGL.framework/Versions/A/Libraries/libGLU.dylib
0x00007fff6c80f000 	/System/Library/Frameworks/OpenGL.framework/Versions/A/Libraries/libGFXShared.dylib
0x00007fff6ca1e000 	/System/Library/Frameworks/OpenGL.framework/Versions/A/Libraries/libGL.dylib
0x00007fff6c818000 	/System/Library/Frameworks/OpenGL.framework/Versions/A/Libraries/libGLImage.dylib
0x00007fff6c80c000 	/System/Library/Frameworks/OpenGL.framework/Versions/A/Libraries/libCVMSPluginSupport.dylib
0x00007fff6c7f7000 	/System/Library/Frameworks/OpenGL.framework/Versions/A/Libraries/libCoreVMClient.dylib
0x00007fff6de5f000 	/System/Library/Frameworks/OpenCL.framework/Versions/A/OpenCL
0x00007fff2b1cd000 	/System/Library/PrivateFrameworks/GraphVisualizer.framework/Versions/A/GraphVisualizer
0x00007fff2b1dc000 	/System/Library/PrivateFrameworks/FaceCore.framework/Versions/A/FaceCore
0x00007fff2b5f8000 	/System/Library/PrivateFrameworks/OTSVG.framework/Versions/A/OTSVG
0x00007fff26e7c000 	/System/Library/Frameworks/ApplicationServices.framework/Versions/A/Frameworks/ATS.framework/Versions/A/Resources/libFontRegistry.dylib
0x00007fff2b64a000 	/System/Library/PrivateFrameworks/FontServices.framework/libhvf.dylib
0x00007fff2b00a000 	/System/Library/PrivateFrameworks/AppleVA.framework/Versions/A/AppleVA
0x00007fff2cd5a000 	/System/Library/Frameworks/ApplicationServices.framework/Versions/A/Frameworks/ATS.framework/Versions/A/ATS
0x00007fff2d06c000 	/System/Library/Frameworks/ApplicationServices.framework/Versions/A/Frameworks/ColorSyncLegacy.framework/Versions/A/ColorSyncLegacy
0x00007fff25685000 	/System/Library/Frameworks/ApplicationServices.framework/Versions/A/Frameworks/HIServices.framework/Versions/A/HIServices
0x00007fff2d051000 	/System/Library/Frameworks/ApplicationServices.framework/Versions/A/Frameworks/LangAnalysis.framework/Versions/A/LangAnalysis
0x00007fff2bd26000 	/System/Library/Frameworks/ApplicationServices.framework/Versions/A/Frameworks/PrintCore.framework/Versions/A/PrintCore
0x00007fff2d074000 	/System/Library/Frameworks/ApplicationServices.framework/Versions/A/Frameworks/QD.framework/Versions/A/QD
0x00007fff2cd4a000 	/System/Library/Frameworks/ApplicationServices.framework/Versions/A/Frameworks/SpeechSynthesis.framework/Versions/A/SpeechSynthesis
0x00007fff2bce7000 	/System/Library/Frameworks/ApplicationServices.framework/Versions/A/Frameworks/ATSUI.framework/Versions/A/ATSUI
0x00007fff2cff1000 	/usr/lib/libcups.2.dylib
0x00007fff2d061000 	/System/Library/PrivateFrameworks/NetAuth.framework/Versions/A/NetAuth
0x00007fff2d70b000 	/System/Library/Frameworks/Kerberos.framework/Versions/A/Kerberos
0x00007fff2d71b000 	/System/Library/Frameworks/GSS.framework/Versions/A/GSS
0x00007fff2cdc6000 	/usr/lib/libresolv.9.dylib
0x00007fff2b65f000 	/System/Library/PrivateFrameworks/Heimdal.framework/Versions/A/Heimdal
0x00007fff33492000 	/System/Library/Frameworks/Kerberos.framework/Versions/A/Libraries/libHeimdalProxy.dylib
0x00007fff2626b000 	/System/Library/Frameworks/Network.framework/Versions/A/Network
0x00007fff2b078000 	/usr/lib/libheimdal-asn1.dylib
0x00007fff2d76b000 	/System/Library/PrivateFrameworks/CommonAuth.framework/Versions/A/CommonAuth
0x00007fff272d2000 	/System/Library/PrivateFrameworks/login.framework/Versions/A/Frameworks/loginsupport.framework/Versions/A/loginsupport
0x00007fff2cccf000 	/System/Library/PrivateFrameworks/AudioSession.framework/Versions/A/AudioSession
0x00007fff2cd37000 	/usr/lib/libAudioStatistics.dylib
0x00007fff2b105000 	/System/Library/PrivateFrameworks/MediaExperience.framework/Versions/A/MediaExperience
0x00007fff2cb6c000 	/System/Library/PrivateFrameworks/AudioSession.framework/libSessionUtility.dylib
0x00007fff2d6fc000 	/usr/lib/libperfcheck.dylib
0x00007fff2d080000 	/System/Library/PrivateFrameworks/AudioResourceArbitration.framework/Versions/A/AudioResourceArbitration
0x00007fff2b082000 	/System/Library/PrivateFrameworks/IconFoundation.framework/Versions/A/IconFoundation
0x00007fff2fba2000 	/System/Library/PrivateFrameworks/SpeechRecognitionCore.framework/Versions/A/SpeechRecognitionCore
0x00000001000ac000 	/Applications/MCreator.app/Contents/MacOS/jdk/Contents/Home/jre/lib/server/libjvm.dylib
0x0000000100a79000 	/Applications/MCreator.app/Contents/MacOS/jdk/Contents/Home/jre/lib/libverify.dylib
0x0000000100a8a000 	/Applications/MCreator.app/Contents/MacOS/jdk/Contents/Home/jre/lib/libjava.dylib
0x0000000100b07000 	/Applications/MCreator.app/Contents/MacOS/jdk/Contents/Home/jre/lib/libzip.dylib
0x0000000102fbe000 	/Applications/MCreator.app/Contents/MacOS/jdk/Contents/Home/jre/lib/libnio.dylib
0x0000000102fd1000 	/Applications/MCreator.app/Contents/MacOS/jdk/Contents/Home/jre/lib/libnet.dylib
0x0000000103356000 	/Applications/MCreator.app/Contents/MacOS/jdk/Contents/Home/jre/lib/libmanagement.dylib
0x0000000103994000 	/Applications/MCreator.app/Contents/MacOS/jdk/Contents/Home/jre/lib/libsunec.dylib
0x0000000103bd6000 	/private/var/folders/r0/lnxh176x16j5sxv_fmnn3gz80000gn/T/lwjglzacbeck/3.2.1-build-12/liblwjgl.dylib
0x0000000103e01000 	/private/var/folders/r0/lnxh176x16j5sxv_fmnn3gz80000gn/T/lwjglzacbeck/3.2.1-build-12/libjemalloc.dylib
0x0000000104068000 	/private/var/folders/r0/lnxh176x16j5sxv_fmnn3gz80000gn/T/lwjglzacbeck/3.2.1-build-12/libglfw.dylib
0x00000001040a7000 	/usr/lib/libobjc-trampolines.dylib
0x00007fff22a76000 	/System/Library/PrivateFrameworks/CoreServicesInternal.framework/Versions/A/CoreServicesInternal
0x00007fff31088000 	/System/Library/Frameworks/FileProvider.framework/Versions/A/FileProvider
0x00007fff26082000 	/System/Library/Frameworks/Accounts.framework/Versions/A/Accounts
0x00007fff311a9000 	/System/Library/PrivateFrameworks/GenerationalStorage.framework/Versions/A/GenerationalStorage
0x00007fff31b68000 	/System/Library/PrivateFrameworks/CoreSymbolication.framework/Versions/A/CoreSymbolication
0x00007fff30aa7000 	/System/Library/PrivateFrameworks/SymptomDiagnosticReporter.framework/Versions/A/SymptomDiagnosticReporter
0x00007fff2e3b4000 	/System/Library/PrivateFrameworks/AppContainer.framework/Versions/A/AppContainer
0x00007fff23bc0000 	/System/Library/PrivateFrameworks/DesktopServicesPriv.framework/Versions/A/DesktopServicesPriv
0x00007fff22baa000 	/usr/lib/libsandbox.1.dylib
0x00007fff272fe000 	/System/Library/PrivateFrameworks/UserManagement.framework/Versions/A/UserManagement
0x00007fff29bfc000 	/System/Library/PrivateFrameworks/MobileKeyBag.framework/Versions/A/MobileKeyBag
0x00007fff344fb000 	/System/Library/PrivateFrameworks/ChunkingLibrary.framework/Versions/A/ChunkingLibrary
0x00007fff31b2b000 	/System/Library/PrivateFrameworks/DebugSymbols.framework/Versions/A/DebugSymbols
0x00007fff2e3c9000 	/System/Library/PrivateFrameworks/SecCodeWrapper.framework/Versions/A/SecCodeWrapper
0x00007fff2ae5b000 	/System/Library/PrivateFrameworks/CrashReporterSupport.framework/Versions/A/CrashReporterSupport
0x00007fff4825e000 	/System/Library/PrivateFrameworks/OSAnalytics.framework/Versions/A/OSAnalytics
0x00007fff78377000 	/usr/lib/libRosetta.dylib
0x00007fff32ede000 	/System/Library/PrivateFrameworks/RemoteServiceDiscovery.framework/Versions/A/RemoteServiceDiscovery
0x00007fff5221c000 	/System/Library/PrivateFrameworks/Symbolication.framework/Versions/A/Symbolication
0x00007fff32eee000 	/System/Library/PrivateFrameworks/RemoteXPC.framework/Versions/A/RemoteXPC
0x00007fff393eb000 	/System/Library/PrivateFrameworks/OSAServicesClient.framework/Versions/A/OSAServicesClient
0x00007fff3dcc5000 	/System/Library/PrivateFrameworks/MallocStackLogging.framework/Versions/A/MallocStackLogging
0x00007fff2e14b000 	/System/Library/PrivateFrameworks/Sharing.framework/Versions/A/Sharing
0x00007fff32abb000 	/System/Library/PrivateFrameworks/Apple80211.framework/Versions/A/Apple80211
0x00007fff2a280000 	/System/Library/PrivateFrameworks/AuthKit.framework/Versions/A/AuthKit
0x00007fff299fc000 	/System/Library/PrivateFrameworks/CoreUtils.framework/Versions/A/CoreUtils
0x00007fff29929000 	/System/Library/Frameworks/CoreWLAN.framework/Versions/A/CoreWLAN
0x00007fff2e293000 	/System/Library/Frameworks/IOBluetooth.framework/Versions/A/IOBluetooth
0x00007fff32b1f000 	/System/Library/PrivateFrameworks/CoreWiFi.framework/Versions/A/CoreWiFi
0x00007fff2d7f3000 	/System/Library/PrivateFrameworks/CorePhoneNumbers.framework/Versions/A/CorePhoneNumbers
0x00007fff30baf000 	/System/Library/PrivateFrameworks/DiskManagement.framework/Versions/A/DiskManagement
0x00007fff30ac5000 	/System/Library/PrivateFrameworks/AppleIDAuthSupport.framework/Versions/A/AppleIDAuthSupport
0x00007fff2d7d0000 	/System/Library/PrivateFrameworks/KeychainCircle.framework/Versions/A/KeychainCircle
0x00007fff30b7b000 	/System/Library/PrivateFrameworks/MediaKit.framework/Versions/A/MediaKit
0x00007fff30ad2000 	/System/Library/Frameworks/DiscRecording.framework/Versions/A/DiscRecording
0x00007fff2af7e000 	/usr/lib/libCoreStorage.dylib
0x00007fff32f59000 	/usr/lib/libcsfde.dylib
0x00007fff2e3cd000 	/System/Library/PrivateFrameworks/ProtectedCloudStorage.framework/Versions/A/ProtectedCloudStorage
0x00007fff32f51000 	/System/Library/PrivateFrameworks/EFILogin.framework/Versions/A/EFILogin
0x00007fff33545000 	/System/Library/Frameworks/AudioUnit.framework/Versions/A/AudioUnit
0x00007fff30a44000 	/System/Library/Frameworks/CoreBluetooth.framework/Versions/A/CoreBluetooth
0x00007fff2af76000 	/usr/lib/libMatch.1.dylib
0x00007fff27000000 	/System/Library/PrivateFrameworks/ViewBridge.framework/Versions/A/ViewBridge
0x00007fff418ec000 	/System/Library/Frameworks/Accelerate.framework/Versions/A/Frameworks/vImage.framework/Versions/A/Libraries/libCGInterfaces.dylib
0x00007fff2b720000 	/System/Library/PrivateFrameworks/login.framework/Versions/A/login
0x00007fff6ca29000 	/System/Library/Frameworks/OpenGL.framework/Versions/A/Resources/GLEngine.bundle/GLEngine
0x00007fff6c889000 	/System/Library/Frameworks/OpenGL.framework/Versions/A/Libraries/libGLProgrammability.dylib
0x00007fff5fbb9000 	/System/Library/Extensions/AppleIntelKBLGraphicsGLDriver.bundle/Contents/MacOS/AppleIntelKBLGraphicsGLDriver
0x00007fff46bf2000 	/System/Library/PrivateFrameworks/GPUSupport.framework/Versions/A/Libraries/libGPUSupportMercury.dylib
0x00000001235b6000 	/System/Library/Extensions/AMDRadeonX4000GLDriver.bundle/Contents/MacOS/AMDRadeonX4000GLDriver
0x00007fff6ed3a000 	/System/Library/Extensions/AMDRadeonX4000GLDriver.bundle/Contents/MacOS/ATIRadeonX4000SCLib.dylib
0x00007fff5ee5d000 	/System/Library/Extensions/AMDShared.bundle/Contents/PlugIns/libSC.dylib
0x00007fff6cba5000 	/System/Library/Frameworks/OpenGL.framework/Versions/A/Resources/GLRendererFloat.bundle/GLRendererFloat
0x00000001214c1000 	/private/var/folders/r0/lnxh176x16j5sxv_fmnn3gz80000gn/T/lwjglzacbeck/3.2.1-build-12/liblwjgl_stb.dylib
0x0000000124f19000 	/private/var/folders/r0/lnxh176x16j5sxv_fmnn3gz80000gn/T/lwjglzacbeck/3.2.1-build-12/liblwjgl_opengl.dylib
0x00000001288ac000 	/private/var/folders/r0/lnxh176x16j5sxv_fmnn3gz80000gn/T/jna--522224633/jna3167915136132683644.tmp
0x00007fff6f698000 	/System/Library/Frameworks/JavaVM.framework/Versions/A/JavaVM
0x0000000127420000 	/private/var/folders/r0/lnxh176x16j5sxv_fmnn3gz80000gn/T/libjcocoa1038646407772639336.dylib
0x00007fff6f684000 	/System/Library/Frameworks/JavaNativeFoundation.framework/Versions/A/JavaNativeFoundation
0x0000000129029000 	/private/var/folders/r0/lnxh176x16j5sxv_fmnn3gz80000gn/T/lwjglzacbeck/3.2.1-build-12/libopenal.dylib
0x0000000137da3000 	/System/Library/Components/CoreAudio.component/Contents/MacOS/CoreAudio
0x00000001290ff000 	/System/Library/Extensions/AppleHDA.kext/Contents/PlugIns/AppleHDAHALPlugIn.bundle/Contents/MacOS/AppleHDAHALPlugIn
0x0000000129b75000 	/Applications/MCreator.app/Contents/MacOS/jdk/Contents/Home/jre/lib/libawt.dylib
0x0000000129c14000 	/Applications/MCreator.app/Contents/MacOS/jdk/Contents/Home/jre/lib/libmlib_image.dylib
0x00007fff6f690000 	/System/Library/Frameworks/JavaRuntimeSupport.framework/Versions/A/JavaRuntimeSupport
0x00007fff3d0f4000 	/System/Library/Frameworks/Carbon.framework/Versions/A/Carbon
0x00007fff363fa000 	/System/Library/Frameworks/Carbon.framework/Versions/A/Frameworks/CommonPanels.framework/Versions/A/CommonPanels
0x00007fff32f4d000 	/System/Library/Frameworks/Carbon.framework/Versions/A/Frameworks/Help.framework/Versions/A/Help
0x00007fff363fe000 	/System/Library/Frameworks/Carbon.framework/Versions/A/Frameworks/ImageCapture.framework/Versions/A/ImageCapture
0x00007fff363d6000 	/System/Library/Frameworks/Carbon.framework/Versions/A/Frameworks/OpenScripting.framework/Versions/A/OpenScripting
0x00007fff363f6000 	/System/Library/Frameworks/Carbon.framework/Versions/A/Frameworks/Ink.framework/Versions/A/Ink
0x00007fff3d0f0000 	/System/Library/Frameworks/Carbon.framework/Versions/A/Frameworks/Print.framework/Versions/A/Print
0x00007fff363f2000 	/System/Library/Frameworks/Carbon.framework/Versions/A/Frameworks/SecurityHI.framework/Versions/A/SecurityHI
0x0000000129cd3000 	/Applications/MCreator.app/Contents/MacOS/jdk/Contents/Home/jre/lib/libawt_lwawt.dylib
0x0000000126b0d000 	/Applications/MCreator.app/Contents/MacOS/jdk/Contents/Home/jre/lib/libosxapp.dylib
0x00007fff3c4b4000 	/System/Library/Frameworks/ExceptionHandling.framework/Versions/A/ExceptionHandling
0x00007fff3024b000 	/System/Library/PrivateFrameworks/SystemAdministration.framework/Versions/A/SystemAdministration
0x00007fff2bf1f000 	/System/Library/Frameworks/MediaToolbox.framework/Versions/A/MediaToolbox
0x00007fff2fb6a000 	/System/Library/Frameworks/DirectoryService.framework/Versions/A/DirectoryService
0x00007fff32df7000 	/System/Library/PrivateFrameworks/DiskImages.framework/Versions/A/DiskImages
0x00007fff32fcb000 	/System/Library/PrivateFrameworks/LoginUIKit.framework/Versions/A/Frameworks/LoginUICore.framework/Versions/A/LoginUICore
0x00007fff2b8ba000 	/usr/lib/libodfde.dylib
0x00007fff3105a000 	/System/Library/PrivateFrameworks/CoreAVCHD.framework/Versions/A/CoreAVCHD
0x00007fff3020e000 	/System/Library/Frameworks/MediaAccessibility.framework/Versions/A/MediaAccessibility
0x00007fff31056000 	/System/Library/PrivateFrameworks/Mangrove.framework/Versions/A/Mangrove
0x00007fff3021a000 	/System/Library/PrivateFrameworks/AlgosScoreFramework.framework/Versions/A/AlgosScoreFramework
0x00007fff31a1b000 	/System/Library/PrivateFrameworks/AppleVPA.framework/Versions/A/AppleVPA
0x00007fff30c9b000 	/System/Library/PrivateFrameworks/CoreAUC.framework/Versions/A/CoreAUC
0x00007fff32f65000 	/usr/lib/libcurl.4.dylib
0x00007fff32cc5000 	/usr/lib/libcrypto.44.dylib
0x00007fff32dc9000 	/usr/lib/libssl.46.dylib
0x00007fff32c8b000 	/System/Library/Frameworks/LDAP.framework/Versions/A/LDAP
0x00007fff32cc3000 	/System/Library/PrivateFrameworks/TrustEvaluationAgent.framework/Versions/A/TrustEvaluationAgent
0x00007fff2cddf000 	/usr/lib/libsasl2.2.dylib
0x00007fff3023f000 	/System/Library/PrivateFrameworks/CoreDaemon.framework/Versions/B/CoreDaemon
0x00007fff3023a000 	/System/Library/PrivateFrameworks/AppleSRP.framework/Versions/A/AppleSRP

VM Arguments:
jvm_args: -Dforge.logging.console.level=debug -Dforge.logging.markers=REGISTRIES -Xss1M -Dfile.encoding=UTF-8 -Duser.country=US -Duser.language=en -Duser.variant 
java_command: net.minecraftforge.userdev.LaunchTesting
java_class_path (initial): /Users/zacbeck/OneDrive - purdue.edu/Minecraft Research/build/classes/java/main:/Users/zacbeck/OneDrive - purdue.edu/Minecraft Research/build/resources/main:/Users/zacbeck/.mcreator/gradle/caches/forge_gradle/minecraft_user_repo/net/minecraftforge/forge/1.15.2-31.2.0_mapped_snapshot_20200514-1.15.1/forge-1.15.2-31.2.0_mapped_snapshot_20200514-1.15.1-recomp.jar:/Users/zacbeck/.mcreator/gradle/caches/forge_gradle/minecraft_user_repo/net/minecraftforge/forge/1.15.2-31.2.0_mapped_snapshot_20200514-1.15.1/forge-1.15.2-31.2.0_mapped_snapshot_20200514-1.15.1-launcher.jar:/Users/zacbeck/.mcreator/gradle/caches/forge_gradle/minecraft_repo/versions/1.15.2/client-extra.jar:/Users/zacbeck/.mcreator/gradle/caches/modules-2/files-2.1/net.minecraftforge/eventbus/2.2.0/e663ad1f795b81da8a132c8fde40580b05c2343d/eventbus-2.2.0-service.jar:/Users/zacbeck/.mcreator/gradle/caches/modules-2/files-2.1/net.minecraftforge/coremods/2.0.3/9e3f5323f6a2c3ac04fa27481cbeeb48f89757bd/coremods-2.0.3.jar:/Users/zacbeck/.mcreator/gradle/caches/modules-2/files-2.1/net.minecraftforge/forgespi/2.1.2/867d339ca81f375c560da6d37084066e7f537f15/forgespi-2.1.2.jar:/Users/zacbeck/.mcreator/gradle/caches/modules-2/files-2.1/net.minecraftforge/accesstransformers/2.1.1/1d1e439ef345ab5fd76df679de70a0c35f03bf4a/accesstransformers-2.1.1-shadowed.jar:/Users/zacbeck/.mcreator/gradle/caches/modules-2/files-2.1/cpw.mods/modlauncher/5.1.2/42f764429585b8a12ba42d43a02c0c9018710052/modlauncher-5.1.2.jar:/Users/zacbeck/.mcreator/gradle/caches/modules-2/files-2.1/cpw.mods/modlauncher/5.1.2/63c817b0e96e6accbb602e7de7c938fc444025f3/modlauncher-5.1.2-api.jar:/Users/zacbeck/.mcreator/gradle/caches/modules-2/files-2.1/com.google.code.findbugs/jsr305/3.0.2/25ea2e8b0c338a877313bd4672d3fe056ea78f0d/jsr305-3.0.2.jar:/Users/zacbeck/.mcreator/gradle/caches/modules-2/files-2.1/net.minecraftforge/mergetool/1.0.9/d1e1ba354a40b5703340b5cb02fdca489cff3646/mergetool-1.0.9-api.jar:/Users/zacbeck/.mcreator/gradle/cac
Launcher Type: SUN_STANDARD

Environment Variables:
PATH=/usr/bin:/bin:/usr/sbin:/sbin
SHELL=/bin/zsh

Signal Handlers:
SIGSEGV: [libjvm.dylib+0x593009], sa_mask[0]=11111111011111110111111111111111, sa_flags=SA_ONSTACK|SA_RESTART|SA_SIGINFO
SIGBUS: [libjvm.dylib+0x593009], sa_mask[0]=11111111011111110111111111111111, sa_flags=SA_RESTART|SA_SIGINFO
SIGFPE: [libjvm.dylib+0x485a6f], sa_mask[0]=11111111011111110111111111111111, sa_flags=SA_RESTART|SA_SIGINFO
SIGPIPE: [libjvm.dylib+0x485a6f], sa_mask[0]=11111111011111110111111111111111, sa_flags=SA_RESTART|SA_SIGINFO
SIGXFSZ: [libjvm.dylib+0x485a6f], sa_mask[0]=11111111011111110111111111111111, sa_flags=SA_RESTART|SA_SIGINFO
SIGILL: [libjvm.dylib+0x485a6f], sa_mask[0]=11111111011111110111111111111111, sa_flags=SA_RESTART|SA_SIGINFO
SIGUSR1: SIG_DFL, sa_mask[0]=00000000000000000000000000000000, sa_flags=none
SIGUSR2: [libjvm.dylib+0x486366], sa_mask[0]=00100000000000000000000000000000, sa_flags=SA_RESTART|SA_SIGINFO
SIGHUP: [libjvm.dylib+0x484565], sa_mask[0]=11111111011111110111111111111111, sa_flags=SA_RESTART|SA_SIGINFO
SIGINT: [libjvm.dylib+0x484565], sa_mask[0]=11111111011111110111111111111111, sa_flags=SA_RESTART|SA_SIGINFO
SIGTERM: [libjvm.dylib+0x484565], sa_mask[0]=11111111011111110111111111111111, sa_flags=SA_RESTART|SA_SIGINFO
SIGQUIT: [libjvm.dylib+0x484565], sa_mask[0]=11111111011111110111111111111111, sa_flags=SA_RESTART|SA_SIGINFO


---------------  S Y S T E M  ---------------

OS:Bsduname:Darwin 20.2.0 Darwin Kernel Version 20.2.0: Wed Dec  2 20:39:59 PST 2020; root:xnu-7195.60.75~1/RELEASE_X86_64 x86_64
rlimit: STACK 8192k, CORE 0k, NPROC 2784, NOFILE 10240, AS infinity
load average:4.34 5.09 4.15

CPU:total 8 (initial active 8) (4 cores per cpu, 2 threads per core) family 6 model 158 stepping 9, cmov, cx8, fxsr, mmx, sse, sse2, sse3, ssse3, sse4.1, sse4.2, popcnt, avx, avx2, aes, clmul, erms, rtm, 3dnowpref, lzcnt, ht, tsc, tscinvbit, bmi1, bmi2, adx

Memory: 4k page, physical 16777216k(2147648k free)

/proc/meminfo:


vm_info: OpenJDK 64-Bit Server VM (25.275-b01) for bsd-amd64 JRE (1.8.0_275-b01), built on Nov  5 2020 03:24:54 by "bellsoft" with gcc 4.2.1 Compatible Apple LLVM 10.0.1 (clang-1001.0.46.4)

time: Tue Jun 22 22:28:23 2021
timezone: EDT
elapsed time: 129.097274 seconds (0d 0h 2m 9s)

